  [1m[36m (113.0ms)[0m  [1mCREATE TABLE "schema_migrations" ("version" varchar NOT NULL) [0m
  [1m[35m (0.1ms)[0m  select sqlite_version(*)
  [1m[36m (125.0ms)[0m  [1mCREATE UNIQUE INDEX "unique_schema_migrations" ON "schema_migrations" ("version")[0m
  [1m[35mActiveRecord::SchemaMigration Load (0.0ms)[0m  SELECT "schema_migrations".* FROM "schema_migrations"
Migrating to CreateTodoItems (20160403114838)
  [1m[36m (0.0ms)[0m  [1mbegin transaction[0m
  [1m[35m (0.2ms)[0m  CREATE TABLE "todo_items" ("id" INTEGER PRIMARY KEY AUTOINCREMENT NOT NULL, "due_date" date, "title" varchar, "description" text, "completed" boolean DEFAULT 'false', "created_at" datetime NOT NULL, "updated_at" datetime NOT NULL) 
  [1m[36mSQL (0.1ms)[0m  [1mINSERT INTO "schema_migrations" ("version") VALUES (?)[0m  [["version", "20160403114838"]]
  [1m[35m (123.2ms)[0m  commit transaction
  [1m[36mActiveRecord::SchemaMigration Load (0.0ms)[0m  [1mSELECT "schema_migrations".* FROM "schema_migrations"[0m
  [1m[36mActiveRecord::SchemaMigration Load (0.0ms)[0m  [1mSELECT "schema_migrations".* FROM "schema_migrations"[0m
  [1m[35mTodoItem Load (0.1ms)[0m  SELECT "todo_items".* FROM "todo_items"
  [1m[36m (0.0ms)[0m  [1mbegin transaction[0m
  [1m[35mSQL (0.2ms)[0m  INSERT INTO "todo_items" ("title", "due_date", "description", "created_at", "updated_at") VALUES (?, ?, ?, ?, ?)  [["title", "Task 1"], ["due_date", "2016-04-03"], ["description", "very important task TEST"], ["created_at", "2016-04-03 11:53:54.364213"], ["updated_at", "2016-04-03 11:53:54.364213"]]
  [1m[36m (117.7ms)[0m  [1mcommit transaction[0m
  [1m[35m (0.0ms)[0m  begin transaction
  [1m[36mSQL (0.1ms)[0m  [1mINSERT INTO "todo_items" ("title", "due_date", "description", "completed", "created_at", "updated_at") VALUES (?, ?, ?, ?, ?, ?)[0m  [["title", "Task 2"], ["due_date", "2016-04-01"], ["description", "learn ruby TEST"], ["completed", "t"], ["created_at", "2016-04-03 11:53:54.484142"], ["updated_at", "2016-04-03 11:53:54.484142"]]
  [1m[35m (124.6ms)[0m  commit transaction
  [1m[36m (0.0ms)[0m  [1mbegin transaction[0m
  [1m[35mSQL (0.2ms)[0m  INSERT INTO "todo_items" ("title", "due_date", "description", "completed", "created_at", "updated_at") VALUES (?, ?, ?, ?, ?, ?)  [["title", "Task 3"], ["due_date", "2016-03-31"], ["description", "learn Active Record TEST"], ["completed", "t"], ["created_at", "2016-04-03 11:53:54.609898"], ["updated_at", "2016-04-03 11:53:54.609898"]]
  [1m[36m (115.7ms)[0m  [1mcommit transaction[0m


Started GET "/todo_items" for 127.0.0.1 at 2016-04-03 08:54:53 -0300
  [1m[36mActiveRecord::SchemaMigration Load (0.1ms)[0m  [1mSELECT "schema_migrations".* FROM "schema_migrations"[0m
Processing by TodoItemsController#index as HTML
  [1m[35mTodoItem Load (0.1ms)[0m  SELECT "todo_items".* FROM "todo_items"
  Rendered todo_items/index.html.erb within layouts/application (5.6ms)
Completed 200 OK in 711ms (Views: 693.6ms | ActiveRecord: 0.3ms)


Started GET "/assets/scaffolds.self-c85e75397c63f076f7387b67cb84f0b5d9328b80a743238b9e7e88c4e0f1c0c5.css?body=1" for 127.0.0.1 at 2016-04-03 08:54:54 -0300


Started GET "/assets/todo_items.self-e3b0c44298fc1c149afbf4c8996fb92427ae41e4649b934ca495991b7852b855.css?body=1" for 127.0.0.1 at 2016-04-03 08:54:54 -0300


Started GET "/assets/application.self-e80e8f2318043e8af94dddc2adad5a4f09739a8ebb323b3ab31cd71d45fd9113.css?body=1" for 127.0.0.1 at 2016-04-03 08:54:54 -0300


Started GET "/assets/jquery.self-660adc51e0224b731d29f575a6f1ec167ba08ad06ed5deca4f1e8654c135bf4c.js?body=1" for 127.0.0.1 at 2016-04-03 08:54:54 -0300


Started GET "/assets/jquery_ujs.self-e87806d0cf4489aeb1bb7288016024e8de67fd18db693fe026fe3907581e53cd.js?body=1" for 127.0.0.1 at 2016-04-03 08:54:54 -0300


Started GET "/assets/turbolinks.self-c37727e9bd6b2735da5c311aa83fead54ed0be6cc8bd9a65309e9c5abe2cbfff.js?body=1" for 127.0.0.1 at 2016-04-03 08:54:54 -0300


Started GET "/assets/todo_items.self-877aef30ae1b040ab8a3aba4e3e309a11d7f2612f44dde450b5c157aa5f95c05.js?body=1" for 127.0.0.1 at 2016-04-03 08:54:54 -0300


Started GET "/assets/application.self-3b8dabdc891efe46b9a144b400ad69e37d7e5876bdc39dee783419a69d7ca819.js?body=1" for 127.0.0.1 at 2016-04-03 08:54:54 -0300
